<?xml version="1.0" encoding="UTF-8" ?>
<testsuite failures="0" time="0.343" errors="0" skipped="0" tests="1" name="com.xebia.simplex.TokenizingMapperTest">
  <properties>
    <property name="java.runtime.name" value="Java(TM) SE Runtime Environment"/>
    <property name="sun.boot.library.path" value="/Library/Java/JavaVirtualMachines/1.6.0_22-b04-307.jdk/Contents/Libraries"/>
    <property name="java.vm.version" value="17.1-b03-307"/>
    <property name="awt.nativeDoubleBuffering" value="true"/>
    <property name="gopherProxySet" value="false"/>
    <property name="mrj.build" value="10M3261"/>
    <property name="java.vm.vendor" value="Apple Inc."/>
    <property name="java.vendor.url" value="http://www.apple.com/"/>
    <property name="path.separator" value=":"/>
    <property name="java.vm.name" value="Java HotSpot(TM) 64-Bit Server VM"/>
    <property name="file.encoding.pkg" value="sun.io"/>
    <property name="user.country" value="US"/>
    <property name="sun.java.launcher" value="SUN_STANDARD"/>
    <property name="sun.os.patch.level" value="unknown"/>
    <property name="java.vm.specification.name" value="Java Virtual Machine Specification"/>
    <property name="user.dir" value="/Users/sjors/Projects/Xebia/AppIncubator/hbase-simplex"/>
    <property name="java.runtime.version" value="1.6.0_22-b04-307-10M3261"/>
    <property name="java.awt.graphicsenv" value="apple.awt.CGraphicsEnvironment"/>
    <property name="basedir" value="/Users/sjors/Projects/Xebia/AppIncubator/hbase-simplex"/>
    <property name="java.endorsed.dirs" value="/Library/Java/JavaVirtualMachines/1.6.0_22-b04-307.jdk/Contents/Home/lib/endorsed"/>
    <property name="os.arch" value="x86_64"/>
    <property name="surefire.real.class.path" value="/var/folders/rR/rR6sjk8VEvWg+kHleqTAJE+++TI/-Tmp-/surefirebooter1110762026987942729.jar"/>
    <property name="java.io.tmpdir" value="/var/folders/rR/rR6sjk8VEvWg+kHleqTAJE+++TI/-Tmp-/"/>
    <property name="line.separator" value="
"/>
    <property name="java.vm.specification.vendor" value="Sun Microsystems Inc."/>
    <property name="os.name" value="Mac OS X"/>
    <property name="sun.jnu.encoding" value="MacRoman"/>
    <property name="java.library.path" value=".:/Library/Java/Extensions:/System/Library/Java/Extensions:/usr/lib/java"/>
    <property name="surefire.test.class.path" value="/Users/sjors/Projects/Xebia/AppIncubator/hbase-simplex/target/test-classes:/Users/sjors/Projects/Xebia/AppIncubator/hbase-simplex/target/classes:/Users/sjors/.m2/repository/org/apache/hadoop/hadoop-core/0.20.2/hadoop-core-0.20.2.jar:/Users/sjors/.m2/repository/commons-cli/commons-cli/1.2/commons-cli-1.2.jar:/Users/sjors/.m2/repository/xmlenc/xmlenc/0.52/xmlenc-0.52.jar:/Users/sjors/.m2/repository/commons-httpclient/commons-httpclient/3.0.1/commons-httpclient-3.0.1.jar:/Users/sjors/.m2/repository/junit/junit/4.7/junit-4.7.jar:/Users/sjors/.m2/repository/commons-logging/commons-logging/1.0.3/commons-logging-1.0.3.jar:/Users/sjors/.m2/repository/commons-codec/commons-codec/1.3/commons-codec-1.3.jar:/Users/sjors/.m2/repository/commons-net/commons-net/1.4.1/commons-net-1.4.1.jar:/Users/sjors/.m2/repository/oro/oro/2.0.8/oro-2.0.8.jar:/Users/sjors/.m2/repository/org/mortbay/jetty/jetty/6.1.14/jetty-6.1.14.jar:/Users/sjors/.m2/repository/org/mortbay/jetty/jetty-util/6.1.14/jetty-util-6.1.14.jar:/Users/sjors/.m2/repository/org/mortbay/jetty/servlet-api-2.5/6.1.14/servlet-api-2.5-6.1.14.jar:/Users/sjors/.m2/repository/tomcat/jasper-runtime/5.5.12/jasper-runtime-5.5.12.jar:/Users/sjors/.m2/repository/tomcat/jasper-compiler/5.5.12/jasper-compiler-5.5.12.jar:/Users/sjors/.m2/repository/org/mortbay/jetty/jsp-api-2.1/6.1.14/jsp-api-2.1-6.1.14.jar:/Users/sjors/.m2/repository/org/mortbay/jetty/jsp-2.1/6.1.14/jsp-2.1-6.1.14.jar:/Users/sjors/.m2/repository/org/eclipse/jdt/core/3.1.1/core-3.1.1.jar:/Users/sjors/.m2/repository/ant/ant/1.6.5/ant-1.6.5.jar:/Users/sjors/.m2/repository/commons-el/commons-el/1.0/commons-el-1.0.jar:/Users/sjors/.m2/repository/net/java/dev/jets3t/jets3t/0.7.1/jets3t-0.7.1.jar:/Users/sjors/.m2/repository/net/sf/kosmosfs/kfs/0.3/kfs-0.3.jar:/Users/sjors/.m2/repository/hsqldb/hsqldb/1.8.0.10/hsqldb-1.8.0.10.jar:/Users/sjors/.m2/repository/org/mockito/mockito-core/1.8.5/mockito-core-1.8.5.jar:/Users/sjors/.m2/repository/org/hamcrest/hamcrest-core/1.1/hamcrest-core-1.1.jar:/Users/sjors/.m2/repository/org/objenesis/objenesis/1.0/objenesis-1.0.jar:"/>
    <property name="java.specification.name" value="Java Platform API Specification"/>
    <property name="java.class.version" value="50.0"/>
    <property name="sun.management.compiler" value="HotSpot 64-Bit Server Compiler"/>
    <property name="os.version" value="10.6.5"/>
    <property name="http.nonProxyHosts" value="local|*.local|169.254/16|*.169.254/16"/>
    <property name="user.home" value="/Users/sjors"/>
    <property name="user.timezone" value=""/>
    <property name="java.awt.printerjob" value="apple.awt.CPrinterJob"/>
    <property name="java.specification.version" value="1.6"/>
    <property name="file.encoding" value="MacRoman"/>
    <property name="user.name" value="sjors"/>
    <property name="java.class.path" value="/Users/sjors/Projects/Xebia/AppIncubator/hbase-simplex/target/test-classes:/Users/sjors/Projects/Xebia/AppIncubator/hbase-simplex/target/classes:/Users/sjors/.m2/repository/org/apache/hadoop/hadoop-core/0.20.2/hadoop-core-0.20.2.jar:/Users/sjors/.m2/repository/commons-cli/commons-cli/1.2/commons-cli-1.2.jar:/Users/sjors/.m2/repository/xmlenc/xmlenc/0.52/xmlenc-0.52.jar:/Users/sjors/.m2/repository/commons-httpclient/commons-httpclient/3.0.1/commons-httpclient-3.0.1.jar:/Users/sjors/.m2/repository/junit/junit/4.7/junit-4.7.jar:/Users/sjors/.m2/repository/commons-logging/commons-logging/1.0.3/commons-logging-1.0.3.jar:/Users/sjors/.m2/repository/commons-codec/commons-codec/1.3/commons-codec-1.3.jar:/Users/sjors/.m2/repository/commons-net/commons-net/1.4.1/commons-net-1.4.1.jar:/Users/sjors/.m2/repository/oro/oro/2.0.8/oro-2.0.8.jar:/Users/sjors/.m2/repository/org/mortbay/jetty/jetty/6.1.14/jetty-6.1.14.jar:/Users/sjors/.m2/repository/org/mortbay/jetty/jetty-util/6.1.14/jetty-util-6.1.14.jar:/Users/sjors/.m2/repository/org/mortbay/jetty/servlet-api-2.5/6.1.14/servlet-api-2.5-6.1.14.jar:/Users/sjors/.m2/repository/tomcat/jasper-runtime/5.5.12/jasper-runtime-5.5.12.jar:/Users/sjors/.m2/repository/tomcat/jasper-compiler/5.5.12/jasper-compiler-5.5.12.jar:/Users/sjors/.m2/repository/org/mortbay/jetty/jsp-api-2.1/6.1.14/jsp-api-2.1-6.1.14.jar:/Users/sjors/.m2/repository/org/mortbay/jetty/jsp-2.1/6.1.14/jsp-2.1-6.1.14.jar:/Users/sjors/.m2/repository/org/eclipse/jdt/core/3.1.1/core-3.1.1.jar:/Users/sjors/.m2/repository/ant/ant/1.6.5/ant-1.6.5.jar:/Users/sjors/.m2/repository/commons-el/commons-el/1.0/commons-el-1.0.jar:/Users/sjors/.m2/repository/net/java/dev/jets3t/jets3t/0.7.1/jets3t-0.7.1.jar:/Users/sjors/.m2/repository/net/sf/kosmosfs/kfs/0.3/kfs-0.3.jar:/Users/sjors/.m2/repository/hsqldb/hsqldb/1.8.0.10/hsqldb-1.8.0.10.jar:/Users/sjors/.m2/repository/org/mockito/mockito-core/1.8.5/mockito-core-1.8.5.jar:/Users/sjors/.m2/repository/org/hamcrest/hamcrest-core/1.1/hamcrest-core-1.1.jar:/Users/sjors/.m2/repository/org/objenesis/objenesis/1.0/objenesis-1.0.jar:"/>
    <property name="java.vm.specification.version" value="1.0"/>
    <property name="sun.arch.data.model" value="64"/>
    <property name="java.home" value="/Library/Java/JavaVirtualMachines/1.6.0_22-b04-307.jdk/Contents/Home"/>
    <property name="java.specification.vendor" value="Sun Microsystems Inc."/>
    <property name="user.language" value="en"/>
    <property name="awt.toolkit" value="apple.awt.CToolkit"/>
    <property name="java.vm.info" value="mixed mode"/>
    <property name="java.version" value="1.6.0_22"/>
    <property name="java.ext.dirs" value="/Library/Java/Extensions:/System/Library/Java/Extensions:/Library/Java/JavaVirtualMachines/1.6.0_22-b04-307.jdk/Contents/Home/lib/ext"/>
    <property name="sun.boot.class.path" value="/Library/Java/JavaVirtualMachines/1.6.0_22-b04-307.jdk/Contents/Classes/jsfd.jar:/Library/Java/JavaVirtualMachines/1.6.0_22-b04-307.jdk/Contents/Classes/classes.jar:/System/Library/Frameworks/JavaVM.framework/Frameworks/JavaRuntimeSupport.framework/Resources/Java/JavaRuntimeSupport.jar:/Library/Java/JavaVirtualMachines/1.6.0_22-b04-307.jdk/Contents/Classes/ui.jar:/Library/Java/JavaVirtualMachines/1.6.0_22-b04-307.jdk/Contents/Classes/laf.jar:/Library/Java/JavaVirtualMachines/1.6.0_22-b04-307.jdk/Contents/Classes/sunrsasign.jar:/Library/Java/JavaVirtualMachines/1.6.0_22-b04-307.jdk/Contents/Classes/jsse.jar:/Library/Java/JavaVirtualMachines/1.6.0_22-b04-307.jdk/Contents/Classes/jce.jar:/Library/Java/JavaVirtualMachines/1.6.0_22-b04-307.jdk/Contents/Classes/charsets.jar"/>
    <property name="java.vendor" value="Apple Inc."/>
    <property name="localRepository" value="/Users/sjors/.m2/repository"/>
    <property name="file.separator" value="/"/>
    <property name="java.vendor.url.bug" value="http://bugreport.apple.com/"/>
    <property name="sun.cpu.endian" value="little"/>
    <property name="sun.io.unicode.encoding" value="UnicodeLittle"/>
    <property name="mrj.version" value="1060.1.6.0_22-307"/>
    <property name="socksNonProxyHosts" value="local|*.local|169.254/16|*.169.254/16"/>
    <property name="ftp.nonProxyHosts" value="local|*.local|169.254/16|*.169.254/16"/>
    <property name="sun.cpu.isalist" value=""/>
  </properties>
  <testcase time="0.321" classname="com.xebia.simplex.TokenizingMapperTest" name="testMap"/>
</testsuite>